
Showing logs for build [32mcb-kubecd-environment-pr-102-79-7tjww-1[0m stage [32mfrom-build-pack[0m and container [32mstep-credential-initializer-twqv6[0m
{"level":"warn","ts":1576601567.4994092,"logger":"fallback-logger","caller":"logging/config.go:69","msg":"Fetch GitHub commit ID from kodata failed: \"ref: refs/heads/master\" is not a valid GitHub commit ID"}
{"level":"info","ts":1576601567.5004377,"logger":"fallback-logger","caller":"creds-init/main.go:40","msg":"Credentials initialized."}

Showing logs for build [32mcb-kubecd-environment-pr-102-79-7tjww-1[0m stage [32mfrom-build-pack[0m and container [32mstep-working-dir-initializer-5mfl6[0m
{"level":"warn","ts":1576601568.5482225,"logger":"fallback-logger","caller":"logging/config.go:69","msg":"Fetch GitHub commit ID from kodata failed: open /var/run/ko/HEAD: no such file or directory"}
{"level":"info","ts":1576601568.5498996,"logger":"fallback-logger","caller":"bash/main.go:65","msg":"Successfully executed command \"mkdir -p /workspace/source\""}

Showing logs for build [32mcb-kubecd-environment-pr-102-79-7tjww-1[0m stage [32mfrom-build-pack[0m and container [32mstep-place-tools[0m

Showing logs for build [32mcb-kubecd-environment-pr-102-79-7tjww-1[0m stage [32mfrom-build-pack[0m and container [32mstep-git-source-cb-kubecd-environment-pr-102-79-r9stv[0m
{"level":"warn","ts":1576601573.5607693,"logger":"fallback-logger","caller":"logging/config.go:69","msg":"Fetch GitHub commit ID from kodata failed: \"ref: refs/heads/master\" is not a valid GitHub commit ID"}
{"level":"info","ts":1576601574.662511,"logger":"fallback-logger","caller":"git/git.go:102","msg":"Successfully cloned https://github.com/cb-kubecd/environment-pr-102-79-boot-vault-gke-staging.git @ master in path /workspace/source"}

Showing logs for build [32mcb-kubecd-environment-pr-102-79-7tjww-1[0m stage [32mfrom-build-pack[0m and container [32mstep-git-merge[0m
Using SHAs from PULL_REFS=master:15a8b4429e69935c71cf02cd204cea8bddbecff5,4:0db52bf138b85b974478953cb45e81a2a12021b2
DEBUG: ran git fetch --unshallow origin 0db52bf138b85b974478953cb45e81a2a12021b2: 15a8b4429e69935c71cf02cd204cea8bddbecff5: in 
DEBUG: ran git checkout master in 
DEBUG: ran git reset --hard 15a8b4429e69935c71cf02cd204cea8bddbecff5 in 
DEBUG: ran clean --force -d . in 
DEBUG: ran git merge 0db52bf138b85b974478953cb45e81a2a12021b2 in 
Merged SHA 0db52bf138b85b974478953cb45e81a2a12021b2 with commit message 'chore: Promote bdd-gh-1576598523 to version 0.0.1' into base branch master

Showing logs for build [32mcb-kubecd-environment-pr-102-79-7tjww-1[0m stage [32mfrom-build-pack[0m and container [32mstep-build-helm-build[0m
WARNING: No $CHART_REPOSITORY defined so using the default value of: http://jenkins-x-chartmuseum:8080
Adding missing Helm repo: storage.googleapis.com https://storage.googleapis.com/chartmuseum.jenkins-x.io
Read credentials for https://storage.googleapis.com/chartmuseum.jenkins-x.io from vault helm/repos
Successfully added Helm repository storage.googleapis.com.
Adding missing Helm repo: jenkins-x-chartmuseum http://jenkins-x-chartmuseum:8080
Read credentials for http://jenkins-x-chartmuseum:8080 from vault helm/repos
Successfully added Helm repository jenkins-x-chartmuseum.
WARNING: No $CHART_REPOSITORY defined so using the default value of: http://jenkins-x-chartmuseum:8080
Adding missing Helm repo: chartmuseum.jenkins-x.io http://chartmuseum.jenkins-x.io
Read credentials for http://chartmuseum.jenkins-x.io from vault helm/repos
Successfully added Helm repository chartmuseum.jenkins-x.io.
