
Showing logs for build [32mcb-kubecd-environment-pr-102-79-wvwdw-1[0m stage [32mfrom-build-pack[0m and container [32mstep-credential-initializer-4s8dz[0m
{"level":"warn","ts":1576597012.1745892,"logger":"fallback-logger","caller":"logging/config.go:69","msg":"Fetch GitHub commit ID from kodata failed: \"ref: refs/heads/master\" is not a valid GitHub commit ID"}
{"level":"info","ts":1576597012.1753871,"logger":"fallback-logger","caller":"creds-init/main.go:40","msg":"Credentials initialized."}

Showing logs for build [32mcb-kubecd-environment-pr-102-79-wvwdw-1[0m stage [32mfrom-build-pack[0m and container [32mstep-working-dir-initializer-h49xv[0m
{"level":"warn","ts":1576597013.243285,"logger":"fallback-logger","caller":"logging/config.go:69","msg":"Fetch GitHub commit ID from kodata failed: open /var/run/ko/HEAD: no such file or directory"}
{"level":"info","ts":1576597013.2471159,"logger":"fallback-logger","caller":"bash/main.go:65","msg":"Successfully executed command \"mkdir -p /workspace/source\""}

Showing logs for build [32mcb-kubecd-environment-pr-102-79-wvwdw-1[0m stage [32mfrom-build-pack[0m and container [32mstep-place-tools[0m

Showing logs for build [32mcb-kubecd-environment-pr-102-79-wvwdw-1[0m stage [32mfrom-build-pack[0m and container [32mstep-git-source-cb-kubecd-environment-pr-102-79-p9vtd[0m
{"level":"warn","ts":1576597041.2973933,"logger":"fallback-logger","caller":"logging/config.go:69","msg":"Fetch GitHub commit ID from kodata failed: \"ref: refs/heads/master\" is not a valid GitHub commit ID"}
{"level":"info","ts":1576597042.446516,"logger":"fallback-logger","caller":"git/git.go:102","msg":"Successfully cloned https://github.com/cb-kubecd/environment-pr-102-79-boot-vault-gke-staging.git @ master in path /workspace/source"}

Showing logs for build [32mcb-kubecd-environment-pr-102-79-wvwdw-1[0m stage [32mfrom-build-pack[0m and container [32mstep-git-merge[0m
Using SHAs from PULL_REFS=master:b44a399de492602f16a231e8168d8ed99c07df61,1:357c4c18b1394fc15bf21e6ee9002d6b0eb636de
DEBUG: ran git fetch --unshallow origin 357c4c18b1394fc15bf21e6ee9002d6b0eb636de: b44a399de492602f16a231e8168d8ed99c07df61: in 
DEBUG: ran git checkout master in 
DEBUG: ran git reset --hard b44a399de492602f16a231e8168d8ed99c07df61 in 
DEBUG: ran clean --force -d . in 
DEBUG: ran git merge 357c4c18b1394fc15bf21e6ee9002d6b0eb636de in 
Merged SHA 357c4c18b1394fc15bf21e6ee9002d6b0eb636de with commit message 'chore: Promote bdd-spring-1576596574 to version 0.0.1' into base branch master

Showing logs for build [32mcb-kubecd-environment-pr-102-79-wvwdw-1[0m stage [32mfrom-build-pack[0m and container [32mstep-build-helm-build[0m
WARNING: No $CHART_REPOSITORY defined so using the default value of: http://jenkins-x-chartmuseum:8080
Adding missing Helm repo: storage.googleapis.com https://storage.googleapis.com/chartmuseum.jenkins-x.io
Read credentials for https://storage.googleapis.com/chartmuseum.jenkins-x.io from vault helm/repos
Successfully added Helm repository storage.googleapis.com.
Adding missing Helm repo: jenkins-x-chartmuseum http://jenkins-x-chartmuseum:8080
Read credentials for http://jenkins-x-chartmuseum:8080 from vault helm/repos
Successfully added Helm repository jenkins-x-chartmuseum.
WARNING: No $CHART_REPOSITORY defined so using the default value of: http://jenkins-x-chartmuseum:8080
Adding missing Helm repo: chartmuseum.jenkins-x.io http://chartmuseum.jenkins-x.io
Read credentials for http://chartmuseum.jenkins-x.io from vault helm/repos
Successfully added Helm repository chartmuseum.jenkins-x.io.
