
Showing logs for build [32mcb-kubecd-environment-pr-102-79-rprm8-1[0m stage [32mfrom-build-pack[0m and container [32mstep-credential-initializer-xpjj4[0m
{"level":"warn","ts":1576598861.1690044,"logger":"fallback-logger","caller":"logging/config.go:69","msg":"Fetch GitHub commit ID from kodata failed: \"ref: refs/heads/master\" is not a valid GitHub commit ID"}
{"level":"info","ts":1576598861.1729317,"logger":"fallback-logger","caller":"creds-init/main.go:40","msg":"Credentials initialized."}

Showing logs for build [32mcb-kubecd-environment-pr-102-79-rprm8-1[0m stage [32mfrom-build-pack[0m and container [32mstep-working-dir-initializer-hbdbp[0m
{"level":"warn","ts":1576598862.1877084,"logger":"fallback-logger","caller":"logging/config.go:69","msg":"Fetch GitHub commit ID from kodata failed: open /var/run/ko/HEAD: no such file or directory"}
{"level":"info","ts":1576598862.1910565,"logger":"fallback-logger","caller":"bash/main.go:65","msg":"Successfully executed command \"mkdir -p /workspace/source\""}

Showing logs for build [32mcb-kubecd-environment-pr-102-79-rprm8-1[0m stage [32mfrom-build-pack[0m and container [32mstep-place-tools[0m

Showing logs for build [32mcb-kubecd-environment-pr-102-79-rprm8-1[0m stage [32mfrom-build-pack[0m and container [32mstep-git-source-cb-kubecd-environment-pr-102-79-5dn58[0m
{"level":"warn","ts":1576598868.2717803,"logger":"fallback-logger","caller":"logging/config.go:69","msg":"Fetch GitHub commit ID from kodata failed: \"ref: refs/heads/master\" is not a valid GitHub commit ID"}
{"level":"info","ts":1576598869.4172206,"logger":"fallback-logger","caller":"git/git.go:102","msg":"Successfully cloned https://github.com/cb-kubecd/environment-pr-102-79-boot-vault-gke-staging.git @ master in path /workspace/source"}

Showing logs for build [32mcb-kubecd-environment-pr-102-79-rprm8-1[0m stage [32mfrom-build-pack[0m and container [32mstep-git-merge[0m
Using SHAs from PULL_REFS=master:5e23da6f4804cade4cbee070b8c341d52d5fe818,2:729f191feee497b29840bf06c2d779c18c1ff05e
DEBUG: ran git fetch --unshallow origin 729f191feee497b29840bf06c2d779c18c1ff05e: 5e23da6f4804cade4cbee070b8c341d52d5fe818: in 
DEBUG: ran git checkout master in 
DEBUG: ran git reset --hard 5e23da6f4804cade4cbee070b8c341d52d5fe818 in 
DEBUG: ran clean --force -d . in 
DEBUG: ran git merge 729f191feee497b29840bf06c2d779c18c1ff05e in 
Merged SHA 729f191feee497b29840bf06c2d779c18c1ff05e with commit message 'chore: Promote bdd-nh-1576598523 to version 0.0.1' into base branch master

Showing logs for build [32mcb-kubecd-environment-pr-102-79-rprm8-1[0m stage [32mfrom-build-pack[0m and container [32mstep-build-helm-build[0m
WARNING: No $CHART_REPOSITORY defined so using the default value of: http://jenkins-x-chartmuseum:8080
Adding missing Helm repo: storage.googleapis.com https://storage.googleapis.com/chartmuseum.jenkins-x.io
Read credentials for https://storage.googleapis.com/chartmuseum.jenkins-x.io from vault helm/repos
Successfully added Helm repository storage.googleapis.com.
Adding missing Helm repo: jenkins-x-chartmuseum http://jenkins-x-chartmuseum:8080
Read credentials for http://jenkins-x-chartmuseum:8080 from vault helm/repos
Successfully added Helm repository jenkins-x-chartmuseum.
WARNING: No $CHART_REPOSITORY defined so using the default value of: http://jenkins-x-chartmuseum:8080
Adding missing Helm repo: chartmuseum.jenkins-x.io http://chartmuseum.jenkins-x.io
Read credentials for http://chartmuseum.jenkins-x.io from vault helm/repos
Successfully added Helm repository chartmuseum.jenkins-x.io.
